[ 50%] Built target robot_news_station
[ 50%] Built target smartphone
[ 50%] Built target cpp_node
[ 50%] Built target add_two_ints_server
[ 62%] Built target number_counter
[ 75%] Built target number_publisher
[ 81%] [32mBuilding CXX object CMakeFiles/add_two_ints_client.dir/src/add_two_ints_client.cpp.o[0m
[ 93%] Built target add_two_ints_client_no_oop
[01m[K/home/wan/ros2_ws/src/my_cpp_pkg/src/add_two_ints_client.cpp:61:2:[m[K [01;31m[Kerror: [m[Kexpected â€˜[01m[K}[m[Kâ€™ at end of input
   61 | }
      |  [01;31m[K^[m[K
[01m[K/home/wan/ros2_ws/src/my_cpp_pkg/src/add_two_ints_client.cpp:8:1:[m[K [01;36m[Knote: [m[Kto match this â€˜[01m[K{[m[Kâ€™
    8 | [01;36m[K{[m[K
      | [01;36m[K^[m[K
[01m[K/home/wan/ros2_ws/src/my_cpp_pkg/src/add_two_ints_client.cpp:[m[K In constructor â€˜[01m[KAddTwoIntsClientNode::[01;32m[KAddTwoIntsClientNode[m[K()[m[Kâ€™:
[01m[K/home/wan/ros2_ws/src/my_cpp_pkg/src/add_two_ints_client.cpp:12:7:[m[K [01;31m[Kerror: [m[Kâ€˜[01m[Kclient_[m[Kâ€™ was not declared in this scope
   12 |       [01;31m[Kclient_[m[K = this->create_client<example_interfaces::srv::AddTwoInts>("add_two_ints");
      |       [01;31m[K^~~~~~~[m[K
[01m[K/home/wan/ros2_ws/src/my_cpp_pkg/src/add_two_ints_client.cpp:[m[K In member function â€˜[01m[Kvoid AddTwoIntsClientNode::[01;32m[KcallAddTwoInts[m[K(int, int)[m[Kâ€™:
[01m[K/home/wan/ros2_ws/src/my_cpp_pkg/src/add_two_ints_client.cpp:17:15:[m[K [01;31m[Kerror: [m[Kâ€˜[01m[Kclient_[m[Kâ€™ was not declared in this scope
   17 |       while (![01;31m[Kclient_[m[K->wait_for_service(1s))
      |               [01;31m[K^~~~~~~[m[K
[01m[K/home/wan/ros2_ws/src/my_cpp_pkg/src/add_two_ints_client.cpp:26:21:[m[K [01;31m[Kerror: [m[Kâ€˜[01m[Kclient_[m[Kâ€™ was not declared in this scope
   26 |       auto future = [01;31m[Kclient_[m[K->async_send_request(
      |                     [01;31m[K^~~~~~~[m[K
[01m[K/home/wan/ros2_ws/src/my_cpp_pkg/src/add_two_ints_client.cpp:30:7:[m[K [01;31m[Kerror: [m[Kâ€˜[01m[Krequest_[m[Kâ€™ was not declared in this scope; did you mean â€˜[01m[Krequest[m[Kâ€™?
   30 |       [01;31m[Krequest_[m[K[future.get()] = {a, b};
      |       [01;31m[K^~~~~~~~[m[K
      |       [32m[Krequest[m[K
[01m[K/home/wan/ros2_ws/src/my_cpp_pkg/src/add_two_ints_client.cpp:[m[K In member function â€˜[01m[Kvoid AddTwoIntsClientNode::[01;32m[KcallbackCallAddTwoInts[m[K(rclcpp::Client<example_interfaces::srv::AddTwoInts>::SharedFuture)[m[Kâ€™:
[01m[K/home/wan/ros2_ws/src/my_cpp_pkg/src/add_two_ints_client.cpp:38:17:[m[K [01;31m[Kerror: [m[Kâ€˜[01m[Krequest_[m[Kâ€™ was not declared in this scope
   38 |       auto it = [01;31m[Krequest_[m[K.find(response.get());
      |                 [01;31m[K^~~~~~~~[m[K
[01m[K/home/wan/ros2_ws/src/my_cpp_pkg/src/add_two_ints_client.cpp:[m[K At global scope:
[01m[K/home/wan/ros2_ws/src/my_cpp_pkg/src/add_two_ints_client.cpp:61:2:[m[K [01;31m[Kerror: [m[Kexpected unqualified-id at end of input
   61 | }
      |  [01;31m[K^[m[K
gmake[2]: *** [CMakeFiles/add_two_ints_client.dir/build.make:76: CMakeFiles/add_two_ints_client.dir/src/add_two_ints_client.cpp.o] Error 1
gmake[1]: *** [CMakeFiles/Makefile2:333: CMakeFiles/add_two_ints_client.dir/all] Error 2
gmake: *** [Makefile:146: all] Error 2
