[0.009s] Invoking command in '/home/wan/ros2_ws/build/my_cpp_pkg': CMAKE_PREFIX_PATH=${CMAKE_PREFIX_PATH}:/home/wan/ros2_ws/install/my_py_pkg:/opt/ros/jazzy DEBUGINFOD_URLS=https://debuginfod.ubuntu.com /usr/bin/cmake --build /home/wan/ros2_ws/build/my_cpp_pkg -- -j12 -l12
[0.055s] [ 50%] Built target robot_news_station
[0.055s] [ 50%] Built target smartphone
[0.055s] [ 50%] Built target cpp_node
[0.056s] [ 50%] Built target add_two_ints_server
[0.056s] [ 62%] Built target number_counter
[0.057s] [ 75%] Built target number_publisher
[0.057s] [ 81%] [32mBuilding CXX object CMakeFiles/add_two_ints_client.dir/src/add_two_ints_client.cpp.o[0m
[0.059s] [ 93%] Built target add_two_ints_client_no_oop
[1.571s] [01m[K/home/wan/ros2_ws/src/my_cpp_pkg/src/add_two_ints_client.cpp:61:2:[m[K [01;31m[Kerror: [m[Kexpected â€˜[01m[K}[m[Kâ€™ at end of input
[1.571s]    61 | }
[1.572s]       |  [01;31m[K^[m[K
[1.572s] [01m[K/home/wan/ros2_ws/src/my_cpp_pkg/src/add_two_ints_client.cpp:8:1:[m[K [01;36m[Knote: [m[Kto match this â€˜[01m[K{[m[Kâ€™
[1.572s]     8 | [01;36m[K{[m[K
[1.572s]       | [01;36m[K^[m[K
[1.578s] [01m[K/home/wan/ros2_ws/src/my_cpp_pkg/src/add_two_ints_client.cpp:[m[K In constructor â€˜[01m[KAddTwoIntsClientNode::[01;32m[KAddTwoIntsClientNode[m[K()[m[Kâ€™:
[1.578s] [01m[K/home/wan/ros2_ws/src/my_cpp_pkg/src/add_two_ints_client.cpp:12:7:[m[K [01;31m[Kerror: [m[Kâ€˜[01m[Kclient_[m[Kâ€™ was not declared in this scope
[1.578s]    12 |       [01;31m[Kclient_[m[K = this->create_client<example_interfaces::srv::AddTwoInts>("add_two_ints");
[1.578s]       |       [01;31m[K^~~~~~~[m[K
[1.584s] [01m[K/home/wan/ros2_ws/src/my_cpp_pkg/src/add_two_ints_client.cpp:[m[K In member function â€˜[01m[Kvoid AddTwoIntsClientNode::[01;32m[KcallAddTwoInts[m[K(int, int)[m[Kâ€™:
[1.584s] [01m[K/home/wan/ros2_ws/src/my_cpp_pkg/src/add_two_ints_client.cpp:17:15:[m[K [01;31m[Kerror: [m[Kâ€˜[01m[Kclient_[m[Kâ€™ was not declared in this scope
[1.584s]    17 |       while (![01;31m[Kclient_[m[K->wait_for_service(1s))
[1.584s]       |               [01;31m[K^~~~~~~[m[K
[1.590s] [01m[K/home/wan/ros2_ws/src/my_cpp_pkg/src/add_two_ints_client.cpp:26:21:[m[K [01;31m[Kerror: [m[Kâ€˜[01m[Kclient_[m[Kâ€™ was not declared in this scope
[1.590s]    26 |       auto future = [01;31m[Kclient_[m[K->async_send_request(
[1.590s]       |                     [01;31m[K^~~~~~~[m[K
[1.597s] [01m[K/home/wan/ros2_ws/src/my_cpp_pkg/src/add_two_ints_client.cpp:30:7:[m[K [01;31m[Kerror: [m[Kâ€˜[01m[Krequest_[m[Kâ€™ was not declared in this scope; did you mean â€˜[01m[Krequest[m[Kâ€™?
[1.597s]    30 |       [01;31m[Krequest_[m[K[future.get()] = {a, b};
[1.597s]       |       [01;31m[K^~~~~~~~[m[K
[1.597s]       |       [32m[Krequest[m[K
[1.604s] [01m[K/home/wan/ros2_ws/src/my_cpp_pkg/src/add_two_ints_client.cpp:[m[K In member function â€˜[01m[Kvoid AddTwoIntsClientNode::[01;32m[KcallbackCallAddTwoInts[m[K(rclcpp::Client<example_interfaces::srv::AddTwoInts>::SharedFuture)[m[Kâ€™:
[1.604s] [01m[K/home/wan/ros2_ws/src/my_cpp_pkg/src/add_two_ints_client.cpp:38:17:[m[K [01;31m[Kerror: [m[Kâ€˜[01m[Krequest_[m[Kâ€™ was not declared in this scope
[1.604s]    38 |       auto it = [01;31m[Krequest_[m[K.find(response.get());
[1.604s]       |                 [01;31m[K^~~~~~~~[m[K
[1.607s] [01m[K/home/wan/ros2_ws/src/my_cpp_pkg/src/add_two_ints_client.cpp:[m[K At global scope:
[1.607s] [01m[K/home/wan/ros2_ws/src/my_cpp_pkg/src/add_two_ints_client.cpp:61:2:[m[K [01;31m[Kerror: [m[Kexpected unqualified-id at end of input
[1.607s]    61 | }
[1.607s]       |  [01;31m[K^[m[K
[2.194s] gmake[2]: *** [CMakeFiles/add_two_ints_client.dir/build.make:76: CMakeFiles/add_two_ints_client.dir/src/add_two_ints_client.cpp.o] Error 1
[2.194s] gmake[1]: *** [CMakeFiles/Makefile2:333: CMakeFiles/add_two_ints_client.dir/all] Error 2
[2.194s] gmake: *** [Makefile:146: all] Error 2
[2.196s] Invoked command in '/home/wan/ros2_ws/build/my_cpp_pkg' returned '2': CMAKE_PREFIX_PATH=${CMAKE_PREFIX_PATH}:/home/wan/ros2_ws/install/my_py_pkg:/opt/ros/jazzy DEBUGINFOD_URLS=https://debuginfod.ubuntu.com /usr/bin/cmake --build /home/wan/ros2_ws/build/my_cpp_pkg -- -j12 -l12
