[0.008s] Invoking command in '/home/wan/ros2_ws/build/my_cpp_pkg': CMAKE_PREFIX_PATH=${CMAKE_PREFIX_PATH}:/home/wan/ros2_ws/install/my_py_pkg:/opt/ros/jazzy DEBUGINFOD_URLS=https://debuginfod.ubuntu.com /usr/bin/cmake /home/wan/ros2_ws/src/my_cpp_pkg -DCMAKE_INSTALL_PREFIX=/home/wan/ros2_ws/install/my_cpp_pkg
[0.020s] -- Found ament_cmake: 2.5.4 (/opt/ros/jazzy/share/ament_cmake/cmake)
[0.176s] -- Found rclcpp: 28.1.13 (/opt/ros/jazzy/share/rclcpp/cmake)
[0.194s] -- Found rosidl_generator_c: 4.6.6 (/opt/ros/jazzy/share/rosidl_generator_c/cmake)
[0.201s] -- Found rosidl_generator_cpp: 4.6.6 (/opt/ros/jazzy/share/rosidl_generator_cpp/cmake)
[0.209s] -- Using all available rosidl_typesupport_c: rosidl_typesupport_fastrtps_c;rosidl_typesupport_introspection_c
[0.219s] -- Using all available rosidl_typesupport_cpp: rosidl_typesupport_fastrtps_cpp;rosidl_typesupport_introspection_cpp
[0.263s] -- Found rmw_implementation_cmake: 7.3.2 (/opt/ros/jazzy/share/rmw_implementation_cmake/cmake)
[0.264s] -- Found rmw_fastrtps_cpp: 8.4.3 (/opt/ros/jazzy/share/rmw_fastrtps_cpp/cmake)
[0.312s] -- Using RMW implementation 'rmw_fastrtps_cpp' as default
[0.357s] -- Found example_interfaces: 0.12.0 (/opt/ros/jazzy/share/example_interfaces/cmake)
[0.466s] -- Configuring done (0.4s)
[0.480s] -- Generating done (0.0s)
[0.485s] -- Build files have been written to: /home/wan/ros2_ws/build/my_cpp_pkg
[0.491s] Invoked command in '/home/wan/ros2_ws/build/my_cpp_pkg' returned '0': CMAKE_PREFIX_PATH=${CMAKE_PREFIX_PATH}:/home/wan/ros2_ws/install/my_py_pkg:/opt/ros/jazzy DEBUGINFOD_URLS=https://debuginfod.ubuntu.com /usr/bin/cmake /home/wan/ros2_ws/src/my_cpp_pkg -DCMAKE_INSTALL_PREFIX=/home/wan/ros2_ws/install/my_cpp_pkg
[0.492s] Invoking command in '/home/wan/ros2_ws/build/my_cpp_pkg': CMAKE_PREFIX_PATH=${CMAKE_PREFIX_PATH}:/home/wan/ros2_ws/install/my_py_pkg:/opt/ros/jazzy DEBUGINFOD_URLS=https://debuginfod.ubuntu.com /usr/bin/cmake --build /home/wan/ros2_ws/build/my_cpp_pkg -- -j12 -l12
[0.532s] [ 50%] [32mBuilding CXX object CMakeFiles/smartphone.dir/src/smartphone.cpp.o[0m
[0.532s] [ 50%] [32mBuilding CXX object CMakeFiles/add_two_ints_server.dir/src/add_two_ints_server.cpp.o[0m
[0.532s] [ 50%] [32mBuilding CXX object CMakeFiles/robot_news_station.dir/src/robot_news_station.cpp.o[0m
[0.533s] [ 50%] [32mBuilding CXX object CMakeFiles/cpp_node.dir/src/my_first_node.cpp.o[0m
[2.404s] [01m[K/home/wan/ros2_ws/src/my_cpp_pkg/src/add_two_ints_server.cpp:26:1:[m[K [01;31m[Kerror: [m[Kexpected primary-expression before â€˜[01m[K}[m[Kâ€™ token
[2.404s]    26 | [01;31m[K}[m[K;
[2.404s]       | [01;31m[K^[m[K
[2.405s] [01m[K/home/wan/ros2_ws/src/my_cpp_pkg/src/add_two_ints_server.cpp:25:69:[m[K [01;31m[Kerror: [m[Kbit-field â€˜[01m[Kserver_[m[Kâ€™ with non-integral type â€˜[01m[Krclcpp::Service<example_interfaces::srv::AddTwoInts>::SharedPtr[m[Kâ€™ {aka â€˜[01m[Kstd::shared_ptr<rclcpp::Service<example_interfaces::srv::AddTwoInts> >[m[Kâ€™}
[2.406s]    25 |     rclcpp::Service<example_interfaces::srv::AddTwoInts>::SharedPtr [01;31m[Kserver_[m[K:
[2.406s]       |                                                                     [01;31m[K^~~~~~~[m[K
[2.406s] [01m[K/home/wan/ros2_ws/src/my_cpp_pkg/src/add_two_ints_server.cpp:25:76:[m[K [01;31m[Kerror: [m[Kexpected â€˜[01m[K;[m[Kâ€™ at end of member declaration
[2.406s]    25 |     rclcpp::Service<example_interfaces::srv::AddTwoInts>::SharedPtr server_[01;31m[K:[m[K
[2.406s]       |                                                                            [01;31m[K^[m[K
[2.406s]       |                                                                             [32m[K;[m[K
[2.414s] [01m[K/home/wan/ros2_ws/src/my_cpp_pkg/src/add_two_ints_server.cpp:[m[K In constructor â€˜[01m[KAddTwoIntsServer::[01;32m[KAddTwoIntsServer[m[K()[m[Kâ€™:
[2.414s] [01m[K/home/wan/ros2_ws/src/my_cpp_pkg/src/add_two_ints_server.cpp:11:9:[m[K [01;31m[Kerror: [m[Kâ€˜[01m[Kserver_[m[Kâ€™ was not declared in this scope
[2.414s]    11 |         [01;31m[Kserver_[m[K = this->create_service<example_interfaces::srv::AddTwoInts>(
[2.414s]       |         [01;31m[K^~~~~~~[m[K
[3.129s] [ 62%] [32m[1mLinking CXX executable cpp_node[0m
[3.167s] gmake[2]: *** [CMakeFiles/add_two_ints_server.dir/build.make:76: CMakeFiles/add_two_ints_server.dir/src/add_two_ints_server.cpp.o] Error 1
[3.167s] gmake[1]: *** [CMakeFiles/Makefile2:221: CMakeFiles/add_two_ints_server.dir/all] Error 2
[3.167s] gmake[1]: *** Waiting for unfinished jobs....
[3.268s] [ 62%] Built target cpp_node
[4.058s] [ 75%] [32m[1mLinking CXX executable robot_news_station[0m
[4.193s] [ 75%] Built target robot_news_station
[6.210s] [ 87%] [32m[1mLinking CXX executable smartphone[0m
[6.390s] [ 87%] Built target smartphone
[6.391s] gmake: *** [Makefile:146: all] Error 2
[6.429s] Invoked command in '/home/wan/ros2_ws/build/my_cpp_pkg' returned '2': CMAKE_PREFIX_PATH=${CMAKE_PREFIX_PATH}:/home/wan/ros2_ws/install/my_py_pkg:/opt/ros/jazzy DEBUGINFOD_URLS=https://debuginfod.ubuntu.com /usr/bin/cmake --build /home/wan/ros2_ws/build/my_cpp_pkg -- -j12 -l12
