[ 50%] Built target number_publisher
[ 50%] Built target smartphone
[ 50%] Built target cpp_node
[ 50%] Built target add_two_ints_client_no_oop
[ 62%] Built target number_counter
[ 75%] Built target robot_news_station
[ 87%] Built target add_two_ints_server
[ 93%] [32mBuilding CXX object CMakeFiles/add_two_ints_client.dir/src/add_two_ints_client.cpp.o[0m
In file included from [01m[K/opt/ros/jazzy/include/rclcpp/rclcpp/logging.hpp:24[m[K,
                 from [01m[K/opt/ros/jazzy/include/rclcpp/rclcpp/copy_all_parameter_values.hpp:27[m[K,
                 from [01m[K/opt/ros/jazzy/include/rclcpp/rclcpp/rclcpp.hpp:171[m[K,
                 from [01m[K/home/wan/ros2_ws/src/my_cpp_pkg/src/add_two_ints_client.cpp:1[m[K:
[01m[K/home/wan/ros2_ws/src/my_cpp_pkg/src/add_two_ints_client.cpp:[m[K In member function â€˜[01m[Kvoid AddTwoIntsClientNode::[01;32m[KcallbackCallAddTwoInts[m[K(rclcpp::Client<example_interfaces::srv::AddTwoInts>::SharedFuture)[m[Kâ€™:
[01m[K/home/wan/ros2_ws/src/my_cpp_pkg/src/add_two_ints_client.cpp:34:60:[m[K [01;31m[Kerror: [m[Kâ€˜[01m[Krequest[m[Kâ€™ was not declared in this scope
   34 |       RCLCPP_INFO(this->get_logger(), "%d + %d = %d", (int)[01;31m[Krequest[m[K->a, (int)request->b, (int)response->sum);
      |                                                            [01;31m[K^~~~~~~[m[K
gmake[2]: *** [CMakeFiles/add_two_ints_client.dir/build.make:76: CMakeFiles/add_two_ints_client.dir/src/add_two_ints_client.cpp.o] Error 1
gmake[1]: *** [CMakeFiles/Makefile2:333: CMakeFiles/add_two_ints_client.dir/all] Error 2
gmake: *** [Makefile:146: all] Error 2
